#
# A fatal error has been detected by the Java Runtime Environment:
#
#  EXCEPTION_ACCESS_VIOLATION (0xc0000005) at pc=0x00000000559d7a5f, pid=10692, tid=18412
#
# JRE version: Java(TM) SE Runtime Environment (9.0+11) (build 9.0.1+11)
# Java VM: Java HotSpot(TM) 64-Bit Server VM (9.0.1+11, mixed mode, tiered, compressed oops, g1 gc, windows-amd64)
# Problematic frame:
# V  [jvm.dll+0x217a5f]
#
# No core dump will be written. Minidumps are not enabled by default on client versions of Windows
#
# If you would like to submit a bug report, please visit:
#   http://bugreport.java.com/bugreport/crash.jsp
#

---------------  S U M M A R Y ------------

Command Line: -agentlib:jdwp=transport=dt_socket,address=127.0.0.1:62853,suspend=y,server=n -Dfile.encoding=UTF-8 Main

Host: Intel(R) Core(TM) i5-6300U CPU @ 2.40GHz, 4 cores, 7G,  Windows 10 , 64 bit Build 16299 (10.0.16299.15)
Time: Thu Apr 05 11:37:18 2018 Central Europe Daylight Time elapsed time: 740 seconds (0d 0h 12m 20s)

---------------  T H R E A D  ---------------

Current thread (0x0000019ad084b000):  VMThread "VM Thread" [stack: 0x0000000c81800000,0x0000000c81900000] [id=18412]

Stack: [0x0000000c81800000,0x0000000c81900000],  sp=0x0000000c818feb58,  free space=1018k
Native frames: (J=compiled Java code, j=interpreted, Vv=VM code, C=native code)
V  [jvm.dll+0x217a5f]


siginfo: EXCEPTION_ACCESS_VIOLATION (0xc0000005), reading address 0x0000019ad0506718


Register to memory mapping:

RIP=0x00000000559d7a5f jvm.dll
RAX=0x00000000001940c0 is an unknown value
RBX=0x0000000000000000 is an unknown value
RCX=0x0000019ad0372648 is pointing into metadata
RDX=0x000000000000ca06 is an unknown value
RSP=0x0000000c818feb58 is an unknown value
RBP=0x0000000c818ff0b0 is an unknown value
RSI=0x0000000c818ff240 is an unknown value
RDI=0x0000000c818ff240 is an unknown value
R8 =0x0000000000000000 is an unknown value
R9 =0x0000019ad0371cb0 is pointing into metadata
R10=0x0000000c818fefc0 is an unknown value
R11=0x0000000c818feff0 is an unknown value
R12=0x0000000c818ff401 is an unknown value
R13=0x0000000000000000 is an unknown value
R14=0x0000000000000005 is an unknown value
R15=0x00000000000000c8 is an unknown value


Registers:
RAX=0x00000000001940c0, RBX=0x0000000000000000, RCX=0x0000019ad0372648, RDX=0x000000000000ca06
RSP=0x0000000c818feb58, RBP=0x0000000c818ff0b0, RSI=0x0000000c818ff240, RDI=0x0000000c818ff240
R8 =0x0000000000000000, R9 =0x0000019ad0371cb0, R10=0x0000000c818fefc0, R11=0x0000000c818feff0
R12=0x0000000c818ff401, R13=0x0000000000000000, R14=0x0000000000000005, R15=0x00000000000000c8
RIP=0x00000000559d7a5f, EFLAGS=0x0000000000010206

Top of Stack: (sp=0x0000000c818feb58)
0x0000000c818feb58:   0000000055ab3f50 0000000000000000
0x0000000c818feb68:   0000000c818ff240 0000000c818febd0
0x0000000c818feb78:   0000000000000000 0000000000000000
0x0000000c818feb88:   0000000000000000 0000000055f5ba20
0x0000000c818feb98:   0000019acff062b8 0000000000000002
0x0000000c818feba8:   0000000c0000000a 0000000c818febd0
0x0000000c818febb8:   0000000000000001 000000002fffffff
0x0000000c818febc8:   0000000055dbfa38 000000004fffffff
0x0000000c818febd8:   0000019acff062b8 0000000000000002
0x0000000c818febe8:   000000000000000a 0000000c818fec10
0x0000000c818febf8:   0000000000000001 000000002fffffff
0x0000000c818fec08:   0000000c818ff2e0 000000004fffffff
0x0000000c818fec18:   0000000000000000 0000000c818ff240
0x0000000c818fec28:   0000000055dbfe1c 0000000c818fec90
0x0000000c818fec38:   0000019acff06308 0000000000000003
0x0000000c818fec48:   000000000000000e 0000000c818ff240 

Instructions: (pc=0x00000000559d7a5f)
0x00000000559d7a3f:   74 3e 85 d2 79 13 f7 d2 48 63 c2 48 c1 e0 05 48
0x00000000559d7a4f:   8b 44 08 10 0f b7 c0 eb 12 48 63 c2 48 c1 e0 05
0x00000000559d7a5f:   48 8b 44 08 10 0f b7 d0 48 63 c2 41 0f b7 4c c1
0x00000000559d7a6f:   4a 48 63 c1 41 0f b7 44 c1 4a 49 8b 44 c1 48 c3 


VM_Operation (0x0000000c823ff4e0): GetOrSetLocal, mode: safepoint, requested by thread 0x0000019ad0bc3000


---------------  P R O C E S S  ---------------

Java Threads: ( => current thread )
  0x0000019ad0bfe000 JavaThread "Service Thread" daemon [_thread_blocked, id=16092, stack(0x0000000c82600000,0x0000000c82700000)]
  0x0000019ad0be0000 JavaThread "JDWP Command Reader" daemon [_thread_in_native, id=2424, stack(0x0000000c82500000,0x0000000c82600000)]
  0x0000019ad0bc6800 JavaThread "JDWP Event Helper Thread" daemon [_thread_blocked, id=7728, stack(0x0000000c82400000,0x0000000c82500000)]
  0x0000019ad0bc3000 JavaThread "JDWP Transport Listener: dt_socket" daemon [_thread_blocked, id=16724, stack(0x0000000c82300000,0x0000000c82400000)]
  0x0000019ad0959000 JavaThread "Common-Cleaner" daemon [_thread_blocked, id=14220, stack(0x0000000c82200000,0x0000000c82300000)]
  0x0000019ad092f000 JavaThread "Sweeper thread" daemon [_thread_blocked, id=16220, stack(0x0000000c82100000,0x0000000c82200000)]
  0x0000019ad08b9800 JavaThread "C1 CompilerThread2" daemon [_thread_blocked, id=2932, stack(0x0000000c82000000,0x0000000c82100000)]
  0x0000019ad08b4800 JavaThread "C2 CompilerThread1" daemon [_thread_blocked, id=13700, stack(0x0000000c81f00000,0x0000000c82000000)]
  0x0000019ad08b2000 JavaThread "C2 CompilerThread0" daemon [_thread_blocked, id=2508, stack(0x0000000c81e00000,0x0000000c81f00000)]
  0x0000019ad08b1000 JavaThread "Attach Listener" daemon [_thread_blocked, id=12048, stack(0x0000000c81d00000,0x0000000c81e00000)]
  0x0000019ad08a8800 JavaThread "Signal Dispatcher" daemon [_thread_blocked, id=17096, stack(0x0000000c81c00000,0x0000000c81d00000)]
  0x0000019ad084c800 JavaThread "Finalizer" daemon [_thread_blocked, id=5024, stack(0x0000000c81a00000,0x0000000c81b00000)]
  0x0000019ad0861800 JavaThread "Reference Handler" daemon [_thread_blocked, id=11624, stack(0x0000000c81900000,0x0000000c81a00000)]
  0x0000019aad3de000 JavaThread "main" [_thread_blocked, id=6660, stack(0x0000000c80c00000,0x0000000c80d00000)]

Other Threads:
=>0x0000019ad084b000 VMThread "VM Thread" [stack: 0x0000000c81800000,0x0000000c81900000] [id=18412]
  0x0000019ad0c00800 WatcherThread [stack: 0x0000000c82700000,0x0000000c82800000] [id=13684]
  0x0000019aad3f5000 GCTaskThread "GC Thread#0" [stack: 0x0000000c80d00000,0x0000000c80e00000] [id=13408]
  0x0000019aad3f6800 GCTaskThread "GC Thread#1" [stack: 0x0000000c80e00000,0x0000000c80f00000] [id=10012]
  0x0000019aad3f8000 GCTaskThread "GC Thread#2" [stack: 0x0000000c80f00000,0x0000000c81000000] [id=14420]
  0x0000019aad3fa800 GCTaskThread "GC Thread#3" [stack: 0x0000000c81000000,0x0000000c81100000] [id=16088]
  0x0000019aad476000 ConcurrentGCThread "G1 Main Marker" [stack: 0x0000000c81600000,0x0000000c81700000] [id=14536]
  0x0000019aad477000 ConcurrentGCThread "G1 Marker#0" [stack: 0x0000000c81700000,0x0000000c81800000] [id=8648]
  0x0000019aad407000 ConcurrentGCThread "G1 Refine#0" [stack: 0x0000000c81400000,0x0000000c81500000] [id=19292]
  0x0000019aad405000 ConcurrentGCThread "G1 Refine#1" [stack: 0x0000000c81300000,0x0000000c81400000] [id=14632]
  0x0000019aad401800 ConcurrentGCThread "G1 Refine#2" [stack: 0x0000000c81200000,0x0000000c81300000] [id=17516]
  0x0000019aad3fd000 ConcurrentGCThread "G1 Refine#3" [stack: 0x0000000c81100000,0x0000000c81200000] [id=17288]
  0x0000019aad409000 ConcurrentGCThread "G1 Young RemSet Sampling" [stack: 0x0000000c81500000,0x0000000c81600000] [id=9720]

Threads with active compile tasks:

VM state:at safepoint (normal execution)

VM Mutex/Monitor currently owned by a thread:  ([mutex/lock_event])
[0x0000019aad3dc550] Threads_lock - owner thread: 0x0000019ad084b000

Heap address: 0x0000000081a00000, size: 2022 MB, Compressed Oops mode: 32-bit
Narrow klass base: 0x0000000000000000, Narrow klass shift: 3
Compressed class space size: 1073741824 Address: 0x0000000100000000

Heap:
 garbage-first heap   total 131072K, used 3072K [0x0000000081a00000, 0x0000000081b00400, 0x0000000100000000)
  region size 1024K, 4 young (4096K), 0 survivors (0K)
 Metaspace       used 5672K, capacity 5976K, committed 6272K, reserved 1056768K
  class space    used 505K, capacity 572K, committed 640K, reserved 1048576K
Heap Regions: E=young(eden), S=young(survivor), O=old, HS=humongous(starts), HC=humongous(continues), CS=collection set, F=free, A=archive, TS=gc time stamp, AC=allocation context, TAMS=top-at-mark-start (previous, next)
|   0|0x0000000081a00000, 0x0000000081a00000, 0x0000000081b00000|  0%| F|  |TS  0|AC  0|TAMS 0x0000000081a00000, 0x0000000081a00000|
|   1|0x0000000081b00000, 0x0000000081b00000, 0x0000000081c00000|  0%| F|  |TS  0|AC  0|TAMS 0x0000000081b00000, 0x0000000081b00000|
|   2|0x0000000081c00000, 0x0000000081c00000, 0x0000000081d00000|  0%| F|  |TS  0|AC  0|TAMS 0x0000000081c00000, 0x0000000081c00000|
|   3|0x0000000081d00000, 0x0000000081d00000, 0x0000000081e00000|  0%| F|  |TS  0|AC  0|TAMS 0x0000000081d00000, 0x0000000081d00000|
|   4|0x0000000081e00000, 0x0000000081e00000, 0x0000000081f00000|  0%| F|  |TS  0|AC  0|TAMS 0x0000000081e00000, 0x0000000081e00000|
|   5|0x0000000081f00000, 0x0000000081f00000, 0x0000000082000000|  0%| F|  |TS  0|AC  0|TAMS 0x0000000081f00000, 0x0000000081f00000|
|   6|0x0000000082000000, 0x0000000082000000, 0x0000000082100000|  0%| F|  |TS  0|AC  0|TAMS 0x0000000082000000, 0x0000000082000000|
|   7|0x0000000082100000, 0x0000000082100000, 0x0000000082200000|  0%| F|  |TS  0|AC  0|TAMS 0x0000000082100000, 0x0000000082100000|
|   8|0x0000000082200000, 0x0000000082200000, 0x0000000082300000|  0%| F|  |TS  0|AC  0|TAMS 0x0000000082200000, 0x0000000082200000|
|   9|0x0000000082300000, 0x0000000082300000, 0x0000000082400000|  0%| F|  |TS  0|AC  0|TAMS 0x0000000082300000, 0x0000000082300000|
|  10|0x0000000082400000, 0x0000000082400000, 0x0000000082500000|  0%| F|  |TS  0|AC  0|TAMS 0x0000000082400000, 0x0000000082400000|
|  11|0x0000000082500000, 0x0000000082500000, 0x0000000082600000|  0%| F|  |TS  0|AC  0|TAMS 0x0000000082500000, 0x0000000082500000|
|  12|0x0000000082600000, 0x0000000082600000, 0x0000000082700000|  0%| F|  |TS  0|AC  0|TAMS 0x0000000082600000, 0x0000000082600000|
|  13|0x0000000082700000, 0x0000000082700000, 0x0000000082800000|  0%| F|  |TS  0|AC  0|TAMS 0x0000000082700000, 0x0000000082700000|
|  14|0x0000000082800000, 0x0000000082800000, 0x0000000082900000|  0%| F|  |TS  0|AC  0|TAMS 0x0000000082800000, 0x0000000082800000|
|  15|0x0000000082900000, 0x0000000082900000, 0x0000000082a00000|  0%| F|  |TS  0|AC  0|TAMS 0x0000000082900000, 0x0000000082900000|
|  16|0x0000000082a00000, 0x0000000082a00000, 0x0000000082b00000|  0%| F|  |TS  0|AC  0|TAMS 0x0000000082a00000, 0x0000000082a00000|
|  17|0x0000000082b00000, 0x0000000082b00000, 0x0000000082c00000|  0%| F|  |TS  0|AC  0|TAMS 0x0000000082b00000, 0x0000000082b00000|
|  18|0x0000000082c00000, 0x0000000082c00000, 0x0000000082d00000|  0%| F|  |TS  0|AC  0|TAMS 0x0000000082c00000, 0x0000000082c00000|
|  19|0x0000000082d00000, 0x0000000082d00000, 0x0000000082e00000|  0%| F|  |TS  0|AC  0|TAMS 0x0000000082d00000, 0x0000000082d00000|
|  20|0x0000000082e00000, 0x0000000082e00000, 0x0000000082f00000|  0%| F|  |TS  0|AC  0|TAMS 0x0000000082e00000, 0x0000000082e00000|
|  21|0x0000000082f00000, 0x0000000082f00000, 0x0000000083000000|  0%| F|  |TS  0|AC  0|TAMS 0x0000000082f00000, 0x0000000082f00000|
|  22|0x0000000083000000, 0x0000000083000000, 0x0000000083100000|  0%| F|  |TS  0|AC  0|TAMS 0x0000000083000000, 0x0000000083000000|
|  23|0x0000000083100000, 0x0000000083100000, 0x0000000083200000|  0%| F|  |TS  0|AC  0|TAMS 0x0000000083100000, 0x0000000083100000|
|  24|0x0000000083200000, 0x0000000083200000, 0x0000000083300000|  0%| F|  |TS  0|AC  0|TAMS 0x0000000083200000, 0x0000000083200000|
|  25|0x0000000083300000, 0x0000000083300000, 0x0000000083400000|  0%| F|  |TS  0|AC  0|TAMS 0x0000000083300000, 0x0000000083300000|
|  26|0x0000000083400000, 0x0000000083400000, 0x0000000083500000|  0%| F|  |TS  0|AC  0|TAMS 0x0000000083400000, 0x0000000083400000|
|  27|0x0000000083500000, 0x0000000083500000, 0x0000000083600000|  0%| F|  |TS  0|AC  0|TAMS 0x0000000083500000, 0x0000000083500000|
|  28|0x0000000083600000, 0x0000000083600000, 0x0000000083700000|  0%| F|  |TS  0|AC  0|TAMS 0x0000000083600000, 0x0000000083600000|
|  29|0x0000000083700000, 0x0000000083700000, 0x0000000083800000|  0%| F|  |TS  0|AC  0|TAMS 0x0000000083700000, 0x0000000083700000|
|  30|0x0000000083800000, 0x0000000083800000, 0x0000000083900000|  0%| F|  |TS  0|AC  0|TAMS 0x0000000083800000, 0x0000000083800000|
|  31|0x0000000083900000, 0x0000000083900000, 0x0000000083a00000|  0%| F|  |TS  0|AC  0|TAMS 0x0000000083900000, 0x0000000083900000|
|  32|0x0000000083a00000, 0x0000000083a00000, 0x0000000083b00000|  0%| F|  |TS  0|AC  0|TAMS 0x0000000083a00000, 0x0000000083a00000|
|  33|0x0000000083b00000, 0x0000000083b00000, 0x0000000083c00000|  0%| F|  |TS  0|AC  0|TAMS 0x0000000083b00000, 0x0000000083b00000|
|  34|0x0000000083c00000, 0x0000000083c00000, 0x0000000083d00000|  0%| F|  |TS  0|AC  0|TAMS 0x0000000083c00000, 0x0000000083c00000|
|  35|0x0000000083d00000, 0x0000000083d00000, 0x0000000083e00000|  0%| F|  |TS  0|AC  0|TAMS 0x0000000083d00000, 0x0000000083d00000|
|  36|0x0000000083e00000, 0x0000000083e00000, 0x0000000083f00000|  0%| F|  |TS  0|AC  0|TAMS 0x0000000083e00000, 0x0000000083e00000|
|  37|0x0000000083f00000, 0x0000000083f00000, 0x0000000084000000|  0%| F|  |TS  0|AC  0|TAMS 0x0000000083f00000, 0x0000000083f00000|
|  38|0x0000000084000000, 0x0000000084000000, 0x0000000084100000|  0%| F|  |TS  0|AC  0|TAMS 0x0000000084000000, 0x0000000084000000|
|  39|0x0000000084100000, 0x0000000084100000, 0x0000000084200000|  0%| F|  |TS  0|AC  0|TAMS 0x0000000084100000, 0x0000000084100000|
|  40|0x0000000084200000, 0x0000000084200000, 0x0000000084300000|  0%| F|  |TS  0|AC  0|TAMS 0x0000000084200000, 0x0000000084200000|
|  41|0x0000000084300000, 0x0000000084300000, 0x0000000084400000|  0%| F|  |TS  0|AC  0|TAMS 0x0000000084300000, 0x0000000084300000|
|  42|0x0000000084400000, 0x0000000084400000, 0x0000000084500000|  0%| F|  |TS  0|AC  0|TAMS 0x0000000084400000, 0x0000000084400000|
|  43|0x0000000084500000, 0x0000000084500000, 0x0000000084600000|  0%| F|  |TS  0|AC  0|TAMS 0x0000000084500000, 0x0000000084500000|
|  44|0x0000000084600000, 0x0000000084600000, 0x0000000084700000|  0%| F|  |TS  0|AC  0|TAMS 0x0000000084600000, 0x0000000084600000|
|  45|0x0000000084700000, 0x0000000084700000, 0x0000000084800000|  0%| F|  |TS  0|AC  0|TAMS 0x0000000084700000, 0x0000000084700000|
|  46|0x0000000084800000, 0x0000000084800000, 0x0000000084900000|  0%| F|  |TS  0|AC  0|TAMS 0x0000000084800000, 0x0000000084800000|
|  47|0x0000000084900000, 0x0000000084900000, 0x0000000084a00000|  0%| F|  |TS  0|AC  0|TAMS 0x0000000084900000, 0x0000000084900000|
|  48|0x0000000084a00000, 0x0000000084a00000, 0x0000000084b00000|  0%| F|  |TS  0|AC  0|TAMS 0x0000000084a00000, 0x0000000084a00000|
|  49|0x0000000084b00000, 0x0000000084b00000, 0x0000000084c00000|  0%| F|  |TS  0|AC  0|TAMS 0x0000000084b00000, 0x0000000084b00000|
|  50|0x0000000084c00000, 0x0000000084c00000, 0x0000000084d00000|  0%| F|  |TS  0|AC  0|TAMS 0x0000000084c00000, 0x0000000084c00000|
|  51|0x0000000084d00000, 0x0000000084d00000, 0x0000000084e00000|  0%| F|  |TS  0|AC  0|TAMS 0x0000000084d00000, 0x0000000084d00000|
|  52|0x0000000084e00000, 0x0000000084e00000, 0x0000000084f00000|  0%| F|  |TS  0|AC  0|TAMS 0x0000000084e00000, 0x0000000084e00000|
|  53|0x0000000084f00000, 0x0000000084f00000, 0x0000000085000000|  0%| F|  |TS  0|AC  0|TAMS 0x0000000084f00000, 0x0000000084f00000|
|  54|0x0000000085000000, 0x0000000085000000, 0x0000000085100000|  0%| F|  |TS  0|AC  0|TAMS 0x0000000085000000, 0x0000000085000000|
|  55|0x0000000085100000, 0x0000000085100000, 0x0000000085200000|  0%| F|  |TS  0|AC  0|TAMS 0x0000000085100000, 0x0000000085100000|
|  56|0x0000000085200000, 0x0000000085200000, 0x0000000085300000|  0%| F|  |TS  0|AC  0|TAMS 0x0000000085200000, 0x0000000085200000|
|  57|0x0000000085300000, 0x0000000085300000, 0x0000000085400000|  0%| F|  |TS  0|AC  0|TAMS 0x0000000085300000, 0x0000000085300000|
|  58|0x0000000085400000, 0x0000000085400000, 0x0000000085500000|  0%| F|  |TS  0|AC  0|TAMS 0x0000000085400000, 0x0000000085400000|
|  59|0x0000000085500000, 0x0000000085500000, 0x0000000085600000|  0%| F|  |TS  0|AC  0|TAMS 0x0000000085500000, 0x0000000085500000|
|  60|0x0000000085600000, 0x0000000085600000, 0x0000000085700000|  0%| F|  |TS  0|AC  0|TAMS 0x0000000085600000, 0x0000000085600000|
|  61|0x0000000085700000, 0x0000000085700000, 0x0000000085800000|  0%| F|  |TS  0|AC  0|TAMS 0x0000000085700000, 0x0000000085700000|
|  62|0x0000000085800000, 0x0000000085800000, 0x0000000085900000|  0%| F|  |TS  0|AC  0|TAMS 0x0000000085800000, 0x0000000085800000|
|  63|0x0000000085900000, 0x0000000085900000, 0x0000000085a00000|  0%| F|  |TS  0|AC  0|TAMS 0x0000000085900000, 0x0000000085900000|
|  64|0x0000000085a00000, 0x0000000085a00000, 0x0000000085b00000|  0%| F|  |TS  0|AC  0|TAMS 0x0000000085a00000, 0x0000000085a00000|
|  65|0x0000000085b00000, 0x0000000085b00000, 0x0000000085c00000|  0%| F|  |TS  0|AC  0|TAMS 0x0000000085b00000, 0x0000000085b00000|
|  66|0x0000000085c00000, 0x0000000085c00000, 0x0000000085d00000|  0%| F|  |TS  0|AC  0|TAMS 0x0000000085c00000, 0x0000000085c00000|
|  67|0x0000000085d00000, 0x0000000085d00000, 0x0000000085e00000|  0%| F|  |TS  0|AC  0|TAMS 0x0000000085d00000, 0x0000000085d00000|
|  68|0x0000000085e00000, 0x0000000085e00000, 0x0000000085f00000|  0%| F|  |TS  0|AC  0|TAMS 0x0000000085e00000, 0x0000000085e00000|
|  69|0x0000000085f00000, 0x0000000085f00000, 0x0000000086000000|  0%| F|  |TS  0|AC  0|TAMS 0x0000000085f00000, 0x0000000085f00000|
|  70|0x0000000086000000, 0x0000000086000000, 0x0000000086100000|  0%| F|  |TS  0|AC  0|TAMS 0x0000000086000000, 0x0000000086000000|
|  71|0x0000000086100000, 0x0000000086100000, 0x0000000086200000|  0%| F|  |TS  0|AC  0|TAMS 0x0000000086100000, 0x0000000086100000|
|  72|0x0000000086200000, 0x0000000086200000, 0x0000000086300000|  0%| F|  |TS  0|AC  0|TAMS 0x0000000086200000, 0x0000000086200000|
|  73|0x0000000086300000, 0x0000000086300000, 0x0000000086400000|  0%| F|  |TS  0|AC  0|TAMS 0x0000000086300000, 0x0000000086300000|
|  74|0x0000000086400000, 0x0000000086400000, 0x0000000086500000|  0%| F|  |TS  0|AC  0|TAMS 0x0000000086400000, 0x0000000086400000|
|  75|0x0000000086500000, 0x0000000086500000, 0x0000000086600000|  0%| F|  |TS  0|AC  0|TAMS 0x0000000086500000, 0x0000000086500000|
|  76|0x0000000086600000, 0x0000000086600000, 0x0000000086700000|  0%| F|  |TS  0|AC  0|TAMS 0x0000000086600000, 0x0000000086600000|
|  77|0x0000000086700000, 0x0000000086700000, 0x0000000086800000|  0%| F|  |TS  0|AC  0|TAMS 0x0000000086700000, 0x0000000086700000|
|  78|0x0000000086800000, 0x0000000086800000, 0x0000000086900000|  0%| F|  |TS  0|AC  0|TAMS 0x0000000086800000, 0x0000000086800000|
|  79|0x0000000086900000, 0x0000000086900000, 0x0000000086a00000|  0%| F|  |TS  0|AC  0|TAMS 0x0000000086900000, 0x0000000086900000|
|  80|0x0000000086a00000, 0x0000000086a00000, 0x0000000086b00000|  0%| F|  |TS  0|AC  0|TAMS 0x0000000086a00000, 0x0000000086a00000|
|  81|0x0000000086b00000, 0x0000000086b00000, 0x0000000086c00000|  0%| F|  |TS  0|AC  0|TAMS 0x0000000086b00000, 0x0000000086b00000|
|  82|0x0000000086c00000, 0x0000000086c00000, 0x0000000086d00000|  0%| F|  |TS  0|AC  0|TAMS 0x0000000086c00000, 0x0000000086c00000|
|  83|0x0000000086d00000, 0x0000000086d00000, 0x0000000086e00000|  0%| F|  |TS  0|AC  0|TAMS 0x0000000086d00000, 0x0000000086d00000|
|  84|0x0000000086e00000, 0x0000000086e00000, 0x0000000086f00000|  0%| F|  |TS  0|AC  0|TAMS 0x0000000086e00000, 0x0000000086e00000|
|  85|0x0000000086f00000, 0x0000000086f00000, 0x0000000087000000|  0%| F|  |TS  0|AC  0|TAMS 0x0000000086f00000, 0x0000000086f00000|
|  86|0x0000000087000000, 0x0000000087000000, 0x0000000087100000|  0%| F|  |TS  0|AC  0|TAMS 0x0000000087000000, 0x0000000087000000|
|  87|0x0000000087100000, 0x0000000087100000, 0x0000000087200000|  0%| F|  |TS  0|AC  0|TAMS 0x0000000087100000, 0x0000000087100000|
|  88|0x0000000087200000, 0x0000000087200000, 0x0000000087300000|  0%| F|  |TS  0|AC  0|TAMS 0x0000000087200000, 0x0000000087200000|
|  89|0x0000000087300000, 0x0000000087300000, 0x0000000087400000|  0%| F|  |TS  0|AC  0|TAMS 0x0000000087300000, 0x0000000087300000|
|  90|0x0000000087400000, 0x0000000087400000, 0x0000000087500000|  0%| F|  |TS  0|AC  0|TAMS 0x0000000087400000, 0x0000000087400000|
|  91|0x0000000087500000, 0x0000000087500000, 0x0000000087600000|  0%| F|  |TS  0|AC  0|TAMS 0x0000000087500000, 0x0000000087500000|
|  92|0x0000000087600000, 0x0000000087600000, 0x0000000087700000|  0%| F|  |TS  0|AC  0|TAMS 0x0000000087600000, 0x0000000087600000|
|  93|0x0000000087700000, 0x0000000087700000, 0x0000000087800000|  0%| F|  |TS  0|AC  0|TAMS 0x0000000087700000, 0x0000000087700000|
|  94|0x0000000087800000, 0x0000000087800000, 0x0000000087900000|  0%| F|  |TS  0|AC  0|TAMS 0x0000000087800000, 0x0000000087800000|
|  95|0x0000000087900000, 0x0000000087900000, 0x0000000087a00000|  0%| F|  |TS  0|AC  0|TAMS 0x0000000087900000, 0x0000000087900000|
|  96|0x0000000087a00000, 0x0000000087a00000, 0x0000000087b00000|  0%| F|  |TS  0|AC  0|TAMS 0x0000000087a00000, 0x0000000087a00000|
|  97|0x0000000087b00000, 0x0000000087b00000, 0x0000000087c00000|  0%| F|  |TS  0|AC  0|TAMS 0x0000000087b00000, 0x0000000087b00000|
|  98|0x0000000087c00000, 0x0000000087c00000, 0x0000000087d00000|  0%| F|  |TS  0|AC  0|TAMS 0x0000000087c00000, 0x0000000087c00000|
|  99|0x0000000087d00000, 0x0000000087d00000, 0x0000000087e00000|  0%| F|  |TS  0|AC  0|TAMS 0x0000000087d00000, 0x0000000087d00000|
| 100|0x0000000087e00000, 0x0000000087e00000, 0x0000000087f00000|  0%| F|  |TS  0|AC  0|TAMS 0x0000000087e00000, 0x0000000087e00000|
| 101|0x0000000087f00000, 0x0000000087f00000, 0x0000000088000000|  0%| F|  |TS  0|AC  0|TAMS 0x0000000087f00000, 0x0000000087f00000|
| 102|0x0000000088000000, 0x0000000088000000, 0x0000000088100000|  0%| F|  |TS  0|AC  0|TAMS 0x0000000088000000, 0x0000000088000000|
| 103|0x0000000088100000, 0x0000000088100000, 0x0000000088200000|  0%| F|  |TS  0|AC  0|TAMS 0x0000000088100000, 0x0000000088100000|
| 104|0x0000000088200000, 0x0000000088200000, 0x0000000088300000|  0%| F|  |TS  0|AC  0|TAMS 0x0000000088200000, 0x0000000088200000|
| 105|0x0000000088300000, 0x0000000088300000, 0x0000000088400000|  0%| F|  |TS  0|AC  0|TAMS 0x0000000088300000, 0x0000000088300000|
| 106|0x0000000088400000, 0x0000000088400000, 0x0000000088500000|  0%| F|  |TS  0|AC  0|TAMS 0x0000000088400000, 0x0000000088400000|
| 107|0x0000000088500000, 0x0000000088500000, 0x0000000088600000|  0%| F|  |TS  0|AC  0|TAMS 0x0000000088500000, 0x0000000088500000|
| 108|0x0000000088600000, 0x0000000088600000, 0x0000000088700000|  0%| F|  |TS  0|AC  0|TAMS 0x0000000088600000, 0x0000000088600000|
| 109|0x0000000088700000, 0x0000000088700000, 0x0000000088800000|  0%| F|  |TS  0|AC  0|TAMS 0x0000000088700000, 0x0000000088700000|
| 110|0x0000000088800000, 0x0000000088800000, 0x0000000088900000|  0%| F|  |TS  0|AC  0|TAMS 0x0000000088800000, 0x0000000088800000|
| 111|0x0000000088900000, 0x0000000088900000, 0x0000000088a00000|  0%| F|  |TS  0|AC  0|TAMS 0x0000000088900000, 0x0000000088900000|
| 112|0x0000000088a00000, 0x0000000088a00000, 0x0000000088b00000|  0%| F|  |TS  0|AC  0|TAMS 0x0000000088a00000, 0x0000000088a00000|
| 113|0x0000000088b00000, 0x0000000088b00000, 0x0000000088c00000|  0%| F|  |TS  0|AC  0|TAMS 0x0000000088b00000, 0x0000000088b00000|
| 114|0x0000000088c00000, 0x0000000088c00000, 0x0000000088d00000|  0%| F|  |TS  0|AC  0|TAMS 0x0000000088c00000, 0x0000000088c00000|
| 115|0x0000000088d00000, 0x0000000088d00000, 0x0000000088e00000|  0%| F|  |TS  0|AC  0|TAMS 0x0000000088d00000, 0x0000000088d00000|
| 116|0x0000000088e00000, 0x0000000088e00000, 0x0000000088f00000|  0%| F|  |TS  0|AC  0|TAMS 0x0000000088e00000, 0x0000000088e00000|
| 117|0x0000000088f00000, 0x0000000088f00000, 0x0000000089000000|  0%| F|  |TS  0|AC  0|TAMS 0x0000000088f00000, 0x0000000088f00000|
| 118|0x0000000089000000, 0x0000000089000000, 0x0000000089100000|  0%| F|  |TS  0|AC  0|TAMS 0x0000000089000000, 0x0000000089000000|
| 119|0x0000000089100000, 0x0000000089100000, 0x0000000089200000|  0%| F|  |TS  0|AC  0|TAMS 0x0000000089100000, 0x0000000089100000|
| 120|0x0000000089200000, 0x0000000089200000, 0x0000000089300000|  0%| F|  |TS  0|AC  0|TAMS 0x0000000089200000, 0x0000000089200000|
| 121|0x0000000089300000, 0x0000000089300000, 0x0000000089400000|  0%| F|  |TS  0|AC  0|TAMS 0x0000000089300000, 0x0000000089300000|
| 122|0x0000000089400000, 0x0000000089400000, 0x0000000089500000|  0%| F|  |TS  0|AC  0|TAMS 0x0000000089400000, 0x0000000089400000|
| 123|0x0000000089500000, 0x0000000089500000, 0x0000000089600000|  0%| F|  |TS  0|AC  0|TAMS 0x0000000089500000, 0x0000000089500000|
| 124|0x0000000089600000, 0x0000000089700000, 0x0000000089700000|100%| E|  |TS  0|AC  0|TAMS 0x0000000089600000, 0x0000000089600000|
| 125|0x0000000089700000, 0x0000000089800000, 0x0000000089800000|100%| E|CS|TS  0|AC  0|TAMS 0x0000000089700000, 0x0000000089700000|
| 126|0x0000000089800000, 0x0000000089900000, 0x0000000089900000|100%| E|CS|TS  0|AC  0|TAMS 0x0000000089800000, 0x0000000089800000|
| 127|0x0000000089900000, 0x0000000089a00000, 0x0000000089a00000|100%| E|CS|TS  0|AC  0|TAMS 0x0000000089900000, 0x0000000089900000|

Card table byte_map: [0x0000019ac9260000,0x0000019ac9660000] byte_map_base: 0x0000019ac8e53000

Marking Bits (Prev, Next): (CMBitMap*) 0x0000019aad474df0, (CMBitMap*) 0x0000019aad474e28
 Prev Bits: [0x0000019ac9a60000, 0x0000019acb9f8000)
 Next Bits: [0x0000019acba00000, 0x0000019acd998000)

Polling page: 0x0000019aad760000

CodeHeap 'non-profiled nmethods': size=120064Kb used=143Kb max_used=143Kb free=119920Kb
 bounds [0x0000019ac0ef0000, 0x0000019ac1160000, 0x0000019ac8430000]
CodeHeap 'profiled nmethods': size=120000Kb used=768Kb max_used=768Kb free=119231Kb
 bounds [0x0000019ab99c0000, 0x0000019ab9c30000, 0x0000019ac0ef0000]
CodeHeap 'non-nmethods': size=5696Kb used=1194Kb max_used=1204Kb free=4501Kb
 bounds [0x0000019ab9430000, 0x0000019ab96a0000, 0x0000019ab99c0000]
 total_blobs=880 nmethods=460 adapters=251
 compilation: enabled

Compilation events (10 events):
Event: 0.485 Thread 0x0000019ad08b9800  454       3       java.util.ArrayList$Itr::next (66 bytes)
Event: 0.485 Thread 0x0000019ad08b9800 nmethod 454 0x0000019ab9a7ec10 code [0x0000019ab9a7ee20, 0x0000019ab9a7f2f0]
Event: 0.487 Thread 0x0000019ad08b9800  456       3       java.lang.invoke.MethodType::parameterCount (6 bytes)
Event: 0.487 Thread 0x0000019ad08b9800 nmethod 456 0x0000019ab9a7f590 code [0x0000019ab9a7f740, 0x0000019ab9a7f898]
Event: 0.487 Thread 0x0000019ad08b9800  459       3       java.lang.AbstractStringBuilder::append (33 bytes)
Event: 0.488 Thread 0x0000019ad08b9800 nmethod 459 0x0000019ab9a7f990 code [0x0000019ab9a7fb60, 0x0000019ab9a7fdb0]
Event: 0.488 Thread 0x0000019ad08b9800  460       3       java.util.AbstractList::<init> (10 bytes)
Event: 0.488 Thread 0x0000019ad08b9800 nmethod 460 0x0000019ab9a7ff10 code [0x0000019ab9a800c0, 0x0000019ab9a802d8]
Event: 0.497 Thread 0x0000019ad08b2000 nmethod 402 0x0000019ac0f0f590 code [0x0000019ac0f0f8e0, 0x0000019ac0f114e0]
Event: 0.538 Thread 0x0000019ad08b4800 nmethod 439 0x0000019ac0f12290 code [0x0000019ac0f125a0, 0x0000019ac0f139b8]

GC Heap History (0 events):
No events

Deoptimization events (0 events):
No events

Classes redefined (2 events):
Event: 76.310 Thread 0x0000019ad084b000 redefined class name=acters.acters_repository.SortedActersList, count=1
Event: 740.171 Thread 0x0000019ad084b000 redefined class name=acters.acters_repository.SortedActersList, count=2

Internal exceptions (10 events):
Event: 0.433 Thread 0x0000019aad3de000 Exception <a 'java/lang/NoSuchMethodError'{0x0000000089607ac0}: method resolution failed> (0x0000000089607ac0) thrown at [t:/workspace/hotspot/src/share/vm/prims/methodHandles.cpp, line 1256]
Event: 0.435 Thread 0x0000019aad3de000 Exception <a 'java/lang/NoSuchMethodError'{0x0000000089617940}: method resolution failed> (0x0000000089617940) thrown at [t:/workspace/hotspot/src/share/vm/prims/methodHandles.cpp, line 1256]
Event: 0.436 Thread 0x0000019aad3de000 Exception <a 'java/lang/NoSuchMethodError'{0x000000008961b3e8}: java.lang.invoke.DelegatingMethodHandle$Holder.reinvoke_L(Ljava/lang/Object;Ljava/lang/Object;IILjava/lang/Object;Ljava/lang/Object;IIII)Ljava/lang/Object;> (0x000000008961b3e8) thrown at [t:
Event: 0.455 Thread 0x0000019aad3de000 Exception <a 'java/lang/NoSuchMethodError'{0x0000000089687d20}: java.lang.invoke.DirectMethodHandle$Holder.invokeSpecial(Ljava/lang/Object;Ljava/lang/Object;IIILjava/lang/Object;Ljava/lang/Object;IIII)Ljava/lang/Object;> (0x0000000089687d20) thrown at [t:
Event: 0.455 Thread 0x0000019aad3de000 Exception <a 'java/lang/NoSuchMethodError'{0x000000008968b338}: java.lang.invoke.DelegatingMethodHandle$Holder.reinvoke_L(Ljava/lang/Object;IIILjava/lang/Object;Ljava/lang/Object;IIII)Ljava/lang/Object;> (0x000000008968b338) thrown at [t:/workspace/hotspo
Event: 0.457 Thread 0x0000019aad3de000 Exception <a 'java/lang/NoSuchMethodError'{0x0000000089693ad8}: method resolution failed> (0x0000000089693ad8) thrown at [t:/workspace/hotspot/src/share/vm/prims/methodHandles.cpp, line 1256]
Event: 0.462 Thread 0x0000019aad3de000 Exception <a 'java/lang/NoSuchMethodError'{0x00000000896a9ba0}: method resolution failed> (0x00000000896a9ba0) thrown at [t:/workspace/hotspot/src/share/vm/prims/methodHandles.cpp, line 1256]
Event: 0.474 Thread 0x0000019aad3de000 Exception <a 'java/lang/NoSuchMethodError'{0x00000000896c10e8}: method resolution failed> (0x00000000896c10e8) thrown at [t:/workspace/hotspot/src/share/vm/prims/methodHandles.cpp, line 1256]
Event: 0.484 Thread 0x0000019aad3de000 Exception <a 'java/lang/NoSuchMethodError'{0x00000000896d9d20}: method resolution failed> (0x00000000896d9d20) thrown at [t:/workspace/hotspot/src/share/vm/prims/methodHandles.cpp, line 1256]
Event: 0.487 Thread 0x0000019aad3de000 Exception <a 'java/lang/NoSuchMethodError'{0x00000000896e4308}: method resolution failed> (0x00000000896e4308) thrown at [t:/workspace/hotspot/src/share/vm/prims/methodHandles.cpp, line 1256]

Events (10 events):
Event: 740.251 Executing VM operation: GetFrameLocation done
Event: 740.252 Executing VM operation: GetFrameLocation
Event: 740.252 Executing VM operation: GetFrameLocation done
Event: 740.252 Executing VM operation: GetOrSetLocal
Event: 740.252 Executing VM operation: GetOrSetLocal done
Event: 740.253 Executing VM operation: GetFrameCount
Event: 740.253 Executing VM operation: GetFrameCount done
Event: 740.253 Executing VM operation: GetFrameLocation
Event: 740.253 Executing VM operation: GetFrameLocation done
Event: 740.262 Executing VM operation: GetOrSetLocal


Dynamic libraries:
0x00007ff75cd30000 - 0x00007ff75cd6e000 	C:\Program Files\Java\jdk-9.0.1\bin\java.exe
0x00007ffe905a0000 - 0x00007ffe90780000 	C:\WINDOWS\SYSTEM32\ntdll.dll
0x00007ffe73fe0000 - 0x00007ffe74014000 	C:\Program Files\AVAST Software\Avast\x64\aswhooka.dll
0x00007ffe8fa60000 - 0x00007ffe8fb0e000 	C:\WINDOWS\System32\KERNEL32.DLL
0x00007ffe8caf0000 - 0x00007ffe8cd56000 	C:\WINDOWS\System32\KERNELBASE.dll
0x00007ffe8e0c0000 - 0x00007ffe8e161000 	C:\WINDOWS\System32\ADVAPI32.dll
0x00007ffe904d0000 - 0x00007ffe9056d000 	C:\WINDOWS\System32\msvcrt.dll
0x00007ffe8e060000 - 0x00007ffe8e0bb000 	C:\WINDOWS\System32\sechost.dll
0x00007ffe8e1e0000 - 0x00007ffe8e2ff000 	C:\WINDOWS\System32\RPCRT4.dll
0x00007ffe8da70000 - 0x00007ffe8dbff000 	C:\WINDOWS\System32\USER32.dll
0x00007ffe8ceb0000 - 0x00007ffe8ced0000 	C:\WINDOWS\System32\win32u.dll
0x00007ffe8e1b0000 - 0x00007ffe8e1d8000 	C:\WINDOWS\System32\GDI32.dll
0x00007ffe8cf30000 - 0x00007ffe8d0c3000 	C:\WINDOWS\System32\gdi32full.dll
0x00007ffe8ce10000 - 0x00007ffe8ceab000 	C:\WINDOWS\System32\msvcp_win.dll
0x00007ffe8c9a0000 - 0x00007ffe8ca96000 	C:\WINDOWS\System32\ucrtbase.dll
0x00007ffe7ad90000 - 0x00007ffe7aff9000 	C:\WINDOWS\WinSxS\amd64_microsoft.windows.common-controls_6595b64144ccf1df_6.0.16299.309_none_15cfd4c4935e6b11\COMCTL32.dll
0x00007ffe8e300000 - 0x00007ffe8e608000 	C:\WINDOWS\System32\combase.dll
0x00007ffe8d2a0000 - 0x00007ffe8d312000 	C:\WINDOWS\System32\bcryptPrimitives.dll
0x00007ffe858e0000 - 0x00007ffe858ea000 	C:\WINDOWS\SYSTEM32\VERSION.dll
0x00007ffe8e170000 - 0x00007ffe8e19d000 	C:\WINDOWS\System32\IMM32.DLL
0x00007ffe5ded0000 - 0x00007ffe5dfbf000 	C:\Program Files\Java\jdk-9.0.1\bin\msvcr120.dll
0x00007ffe5c1a0000 - 0x00007ffe5c246000 	C:\Program Files\Java\jdk-9.0.1\bin\msvcp120.dll
0x00000000557c0000 - 0x00000000561e4000 	C:\Program Files\Java\jdk-9.0.1\bin\server\jvm.dll
0x00007ffe8e1a0000 - 0x00007ffe8e1a8000 	C:\WINDOWS\System32\PSAPI.DLL
0x00007ffe8ac30000 - 0x00007ffe8ac39000 	C:\WINDOWS\SYSTEM32\WSOCK32.dll
0x00007ffe8fb10000 - 0x00007ffe8fb7c000 	C:\WINDOWS\System32\WS2_32.dll
0x00007ffe8a0e0000 - 0x00007ffe8a103000 	C:\WINDOWS\SYSTEM32\WINMM.dll
0x00007ffe89de0000 - 0x00007ffe89e0a000 	C:\WINDOWS\SYSTEM32\WINMMBASE.dll
0x00007ffe8caa0000 - 0x00007ffe8caea000 	C:\WINDOWS\System32\cfgmgr32.dll
0x00007ffe85b60000 - 0x00007ffe85b6f000 	C:\Program Files\Java\jdk-9.0.1\bin\verify.dll
0x00007ffe7f600000 - 0x00007ffe7f627000 	C:\Program Files\Java\jdk-9.0.1\bin\java.dll
0x00007ffe79320000 - 0x00007ffe79356000 	C:\Program Files\Java\jdk-9.0.1\bin\jdwp.dll
0x00007ffe79a90000 - 0x00007ffe79aa6000 	C:\Program Files\Java\jdk-9.0.1\bin\zip.dll
0x00007ffe81390000 - 0x00007ffe8139a000 	C:\Program Files\Java\jdk-9.0.1\bin\jimage.dll
0x00007ffe8e610000 - 0x00007ffe8fa46000 	C:\WINDOWS\System32\SHELL32.dll
0x00007ffe901d0000 - 0x00007ffe90276000 	C:\WINDOWS\System32\shcore.dll
0x00007ffe8d320000 - 0x00007ffe8da67000 	C:\WINDOWS\System32\windows.storage.dll
0x00007ffe8feb0000 - 0x00007ffe8ff01000 	C:\WINDOWS\System32\shlwapi.dll
0x00007ffe8c980000 - 0x00007ffe8c991000 	C:\WINDOWS\System32\kernel.appcore.dll
0x00007ffe8c930000 - 0x00007ffe8c97c000 	C:\WINDOWS\System32\powrprof.dll
0x00007ffe8c910000 - 0x00007ffe8c92b000 	C:\WINDOWS\System32\profapi.dll
0x00007ffe79410000 - 0x00007ffe7942a000 	C:\Program Files\Java\jdk-9.0.1\bin\net.dll
0x00007ffe81c50000 - 0x00007ffe81d2e000 	C:\WINDOWS\SYSTEM32\WINHTTP.dll
0x00007ffe8bdd0000 - 0x00007ffe8be36000 	C:\WINDOWS\system32\mswsock.dll
0x00007ffe793f0000 - 0x00007ffe79401000 	C:\Program Files\Java\jdk-9.0.1\bin\nio.dll
0x00007ffe88010000 - 0x00007ffe8801a000 	C:\Program Files\Java\jdk-9.0.1\bin\dt_socket.dll
0x00007ffe8c350000 - 0x00007ffe8c518000 	C:\WINDOWS\SYSTEM32\dbghelp.dll

VM Arguments:
jvm_args: -agentlib:jdwp=transport=dt_socket,address=127.0.0.1:62853,suspend=y,server=n -Dfile.encoding=UTF-8 
java_command: Main
java_class_path (initial): C:\Users\Puj0 HTEC\eclipse-workspace\RPG\bin;C:\Program Files\JetBrains\IntelliJ IDEA 2018.1\lib\idea_rt.jar
Launcher Type: SUN_STANDARD

Logging:
Log output configuration:
#0: stdout all=warning uptime,level,tags
#1: stderr all=off uptime,level,tags

Environment Variables:
PATH=C:\ProgramData\Oracle\Java\javapath;C:\Users\Dell\AppData\Local\Android\sdk\platform-tools;C:\Program Files (x86)\Intel\iCLS Client\;C:\Program Files\Intel\iCLS Client\;C:\WINDOWS\system32;C:\WINDOWS;C:\WINDOWS\System32\Wbem;C:\WINDOWS\System32\WindowsPowerShell\v1.0\;C:\Program Files (x86)\Intel\Intel(R) Management Engine Components\DAL;C:\Program Files\Intel\Intel(R) Management Engine Components\DAL;C:\Program Files (x86)\Intel\Intel(R) Management Engine Components\IPT;C:\Program Files\Intel\Intel(R) Management Engine Components\IPT;C:\Program Files (x86)\Skype\Phone\;C:\Program Files\nodejs\;C:\Program Files\Intel\WiFi\bin\;C:\Program Files\Common Files\Intel\WirelessCommon\;C:\Program Files\Git\cmd;C:\Program Files\MySQL\MySQL Utilities 1.6\;C:\Users\Puj0 HTEC\AppData\Local\Programs\Python\Python36-32\;C:\Users\Puj0 HTEC\AppData\Local\Programs\Python\Python36-32\Scripts\;C:\Program Files (x86)\Minimal ADB and Fastboot;C:\Users\Puj0 HTEC\AppData\Local\Programs\Python\Python36\Scripts\;C:\Users\Puj0 HTEC\AppData\Local\Programs\Python\Python36\;C:\Users\Puj0 HTEC\AppData\Local\Microsoft\WindowsApps;C:\Program Files\Heroku\bin
USERNAME=Puj0 HTEC
OS=Windows_NT
PROCESSOR_IDENTIFIER=Intel64 Family 6 Model 78 Stepping 3, GenuineIntel



---------------  S Y S T E M  ---------------

OS: Windows 10 , 64 bit Build 16299 (10.0.16299.15)

CPU:total 4 (initial active 4) (2 cores per cpu, 2 threads per core) family 6 model 78 stepping 3, cmov, cx8, fxsr, mmx, sse, sse2, sse3, ssse3, sse4.1, sse4.2, popcnt, avx, avx2, aes, clmul, erms, rtm, 3dnowpref, lzcnt, ht, tsc, tscinvbit, bmi1, bmi2, adx, fma

Memory: 4k page, physical 8281988k(1786880k free), swap 16369888k(2129712k free)

vm_info: Java HotSpot(TM) 64-Bit Server VM (9.0.1+11) for windows-amd64 JRE (9.0.1+11), built on Sep 28 2017 04:54:03 by "mach5one" with MS VC++ 12.0 (VS2013)

END.
